<?xml version="1.0" encoding="UTF-8"?>
<Site BuildName="(empty)"
	BuildStamp="20231028-0140-Experimental"
	Name="(empty)"
	Generator="ctest-3.27.4"
	CompilerName=""
	CompilerVersion=""
	OSName="Linux"
	Hostname="dan-rogzephyrusg14ga401qega401qe"
	OSRelease="6.1.51-1-MANJARO"
	OSVersion="#1 SMP PREEMPT_DYNAMIC Sat Sep  2 23:22:36 UTC 2023"
	OSPlatform="x86_64"
	Is64Bits="1"
	VendorString="AuthenticAMD"
	VendorID="Advanced Micro Devices"
	FamilyID="25"
	ModelID="80"
	ProcessorCacheSize="512"
	NumberOfLogicalCPU="16"
	NumberOfPhysicalCPU="8"
	TotalVirtualMemory="0"
	TotalPhysicalMemory="15394"
	LogicalProcessorsPerPhysical="2"
	ProcessorClockFrequency="3903.63"
	>
	<Testing>
		<StartDateTime>Oct 28 04:40 MSK</StartDateTime>
		<StartTestTime>1698457230</StartTestTime>
		<TestList/>
		<EndDateTime>Oct 28 04:40 MSK</EndDateTime>
		<EndTestTime>1698457230</EndTestTime>
		<ElapsedMinutes>0</ElapsedMinutes>
	</Testing>
</Site>
